<?xml version="1.0" encoding="UTF-8"?>
<testsuite name="com.ssm.mapper.UserMapperTest" time="0.366" tests="2" errors="0" skipped="0" failures="1">
  <properties>
[...]
</properties>
  <testcase name="testQuery" classname="com.ssm.mapper.UserMapperTest" time="0.251"/>
  <testcase name="testInsert" classname="com.ssm.mapper.UserMapperTest" time="0.115">
    <failure message="expected:&lt;3&gt; but was:&lt;18&gt;" type="java.lang.AssertionError"><![CDATA[java.lang.AssertionError: expected:<3> but was:<18>
	at org.junit.Assert.fail(Assert.java:88)
	at org.junit.Assert.failNotEquals(Assert.java:834)
	at org.junit.Assert.assertEquals(Assert.java:645)
	at org.junit.Assert.assertEquals(Assert.java:631)
	at com.ssm.mapper.UserMapperTest.testInsert(UserMapperTest.java:29)
]]></failure>
  </testcase>
</testsuite>